
PLAY [zookeepers] **************************************************************

TASK [Gathering Facts] *********************************************************
Tuesday 24 December 2019  17:43:15 +0000 (0:00:00.250)       0:00:00.251 ****** 
ok: [kafka0]

TASK [zookeeper : (re)start zookeeper] *****************************************
Tuesday 24 December 2019  17:44:39 +0000 (0:01:23.981)       0:01:24.232 ****** 
changed: [kafka0]

TASK [zookeeper : wait until the Zookeeper in this host is up and running] *****
Tuesday 24 December 2019  17:44:46 +0000 (0:00:07.572)       0:01:31.805 ****** 
changed: [kafka0]

TASK [zookeeper : remove old zookeeper] ****************************************
Tuesday 24 December 2019  17:44:49 +0000 (0:00:02.795)       0:01:34.600 ****** 
skipping: [kafka0]

TASK [zookeeper : remove zookeeper] ********************************************
Tuesday 24 December 2019  17:44:49 +0000 (0:00:00.215)       0:01:34.816 ****** 
skipping: [kafka0]

PLAY [kafkas] ******************************************************************

TASK [Gathering Facts] *********************************************************
Tuesday 24 December 2019  17:44:50 +0000 (0:00:00.174)       0:01:34.990 ****** 
ok: [kafka0]

TASK [kafka : create kafka certificate directory] ******************************
Tuesday 24 December 2019  17:46:15 +0000 (0:01:25.881)       0:03:00.872 ****** 
ok: [kafka0]

TASK [kafka : copy keystore] ***************************************************
Tuesday 24 December 2019  17:46:16 +0000 (0:00:00.895)       0:03:01.768 ****** 
skipping: [kafka0]

TASK [kafka : add kafka default env vars] **************************************
Tuesday 24 December 2019  17:46:17 +0000 (0:00:00.208)       0:03:01.976 ****** 
ok: [kafka0]

TASK [kafka : add kafka non-ssl vars] ******************************************
Tuesday 24 December 2019  17:46:18 +0000 (0:00:01.044)       0:03:03.021 ****** 
ok: [kafka0]

TASK [kafka : add kafka ssl env vars] ******************************************
Tuesday 24 December 2019  17:46:18 +0000 (0:00:00.473)       0:03:03.494 ****** 
skipping: [kafka0]

TASK [kafka : join kafka ssl env vars] *****************************************
Tuesday 24 December 2019  17:46:18 +0000 (0:00:00.240)       0:03:03.734 ****** 
skipping: [kafka0]

TASK [kafka : join kafka non-ssl env vars] *************************************
Tuesday 24 December 2019  17:46:19 +0000 (0:00:00.255)       0:03:03.989 ****** 
ok: [kafka0]

TASK [kafka : (re)start kafka using 'wurstmeister/kafka:0.11.0.1'] *************
Tuesday 24 December 2019  17:46:19 +0000 (0:00:00.434)       0:03:04.424 ****** 
changed: [kafka0]

TASK [kafka : wait until the kafka server started up] **************************
Tuesday 24 December 2019  17:46:35 +0000 (0:00:16.408)       0:03:20.832 ****** 
FAILED - RETRYING: wait until the kafka server started up (10 retries left).
changed: [kafka0]

TASK [kafka : remove old kafka] ************************************************
Tuesday 24 December 2019  17:46:46 +0000 (0:00:10.394)       0:03:31.227 ****** 
skipping: [kafka0]

TASK [kafka : remove kafka] ****************************************************
Tuesday 24 December 2019  17:46:46 +0000 (0:00:00.275)       0:03:31.502 ****** 
skipping: [kafka0]

PLAY [controllers] *************************************************************

TASK [Gathering Facts] *********************************************************
Tuesday 24 December 2019  17:46:46 +0000 (0:00:00.109)       0:03:31.611 ****** 
ok: [controller0]

TASK [controller : docker login] ***********************************************
Tuesday 24 December 2019  17:48:06 +0000 (0:01:19.642)       0:04:51.253 ****** 
skipping: [controller0]

TASK [controller : get controller name and index] ******************************
Tuesday 24 December 2019  17:48:06 +0000 (0:00:00.193)       0:04:51.447 ****** 
ok: [controller0]

TASK [controller : pull the latest image of controller] ************************
Tuesday 24 December 2019  17:48:06 +0000 (0:00:00.385)       0:04:51.832 ****** 
skipping: [controller0]

TASK [controller : ensure controller log directory is created with permissions] ***
Tuesday 24 December 2019  17:48:07 +0000 (0:00:00.220)       0:04:52.053 ****** 
ok: [controller0]

TASK [controller : ensure controller log file is created with permissions] *****
Tuesday 24 December 2019  17:48:07 +0000 (0:00:00.728)       0:04:52.782 ****** 
skipping: [controller0]

TASK [controller : ensure controller config directory is created with permissions] ***
Tuesday 24 December 2019  17:48:08 +0000 (0:00:00.198)       0:04:52.981 ****** 
ok: [controller0]

TASK [controller : copy jmxremote password file] *******************************
Tuesday 24 December 2019  17:48:09 +0000 (0:00:01.308)       0:04:54.290 ****** 
changed: [controller0]

TASK [controller : copy jmxremote access file] *********************************
Tuesday 24 December 2019  17:48:10 +0000 (0:00:01.393)       0:04:55.683 ****** 
changed: [controller0]

TASK [controller : copy kafka truststore/keystore] *****************************
Tuesday 24 December 2019  17:48:11 +0000 (0:00:01.232)       0:04:56.916 ****** 
skipping: [controller0]

TASK [controller : copy nginx certificate keystore] ****************************
Tuesday 24 December 2019  17:48:12 +0000 (0:00:00.190)       0:04:57.106 ****** 
ok: [controller0]

TASK [controller : copy certificates] ******************************************
Tuesday 24 December 2019  17:48:15 +0000 (0:00:03.447)       0:05:00.554 ****** 
ok: [controller0] => (item=controller-openwhisk-server-cert.pem)
ok: [controller0] => (item=controller-openwhisk-server-key.pem)

TASK [controller : check, that required databases exist] ***********************
Tuesday 24 December 2019  17:48:23 +0000 (0:00:08.079)       0:05:08.633 ****** 
included: /home/ubuntu/openwhisk/ansible/tasks/db/checkDb.yml for controller0
included: /home/ubuntu/openwhisk/ansible/tasks/db/checkDb.yml for controller0
included: /home/ubuntu/openwhisk/ansible/tasks/db/checkDb.yml for controller0

TASK [controller : check if whisk_local_whisks with CouchDB exists] ************
Tuesday 24 December 2019  17:48:24 +0000 (0:00:00.642)       0:05:09.275 ****** 
ok: [controller0]

TASK [controller : check if whisk_local_subjects with CouchDB exists] **********
Tuesday 24 December 2019  17:48:25 +0000 (0:00:00.944)       0:05:10.220 ****** 
ok: [controller0]

TASK [controller : check if whisk_local_activations with CouchDB exists] *******
Tuesday 24 December 2019  17:48:25 +0000 (0:00:00.606)       0:05:10.827 ****** 
ok: [controller0]

TASK [controller : prepare controller port] ************************************
Tuesday 24 December 2019  17:48:26 +0000 (0:00:00.738)       0:05:11.566 ****** 
ok: [controller0]

TASK [controller : expose additional ports if jmxremote is enabled] ************
Tuesday 24 December 2019  17:48:27 +0000 (0:00:00.974)       0:05:12.540 ****** 
ok: [controller0]

TASK [controller : Load config from template] **********************************
Tuesday 24 December 2019  17:48:28 +0000 (0:00:01.001)       0:05:13.542 ****** 
ok: [controller0]

TASK [controller : populate environment variables for controller] **************
Tuesday 24 December 2019  17:48:28 +0000 (0:00:00.230)       0:05:13.772 ****** 
ok: [controller0]

TASK [controller : merge extra env variables] **********************************
Tuesday 24 December 2019  17:48:30 +0000 (0:00:01.348)       0:05:15.120 ****** 
ok: [controller0]

TASK [controller : populate volumes for controller] ****************************
Tuesday 24 December 2019  17:48:30 +0000 (0:00:00.534)       0:05:15.654 ****** 
ok: [controller0]

TASK [controller : check if coverage collection is enabled] ********************
Tuesday 24 December 2019  17:48:31 +0000 (0:00:00.543)       0:05:16.197 ****** 
skipping: [controller0]

TASK [controller : ensure controller coverage directory is created with permissions] ***
Tuesday 24 December 2019  17:48:31 +0000 (0:00:00.135)       0:05:16.334 ****** 
skipping: [controller0] => (item=controller) 
skipping: [controller0] => (item=common) 

TASK [controller : extend controller volume for coverage] **********************
Tuesday 24 December 2019  17:48:31 +0000 (0:00:00.169)       0:05:16.503 ****** 
skipping: [controller0]

TASK [controller : include plugins] ********************************************
Tuesday 24 December 2019  17:48:31 +0000 (0:00:00.167)       0:05:16.671 ****** 
included: /home/ubuntu/openwhisk/ansible/roles/controller/tasks/join_akka_cluster.yml for controller0

TASK [controller : add akka port to ports_to_expose] ***************************
Tuesday 24 December 2019  17:48:32 +0000 (0:00:00.311)       0:05:16.982 ****** 
ok: [controller0]

TASK [controller : add seed nodes to controller environment] *******************
Tuesday 24 December 2019  17:48:32 +0000 (0:00:00.888)       0:05:17.871 ****** 
ok: [controller0] => (item=[0, u'172.17.0.1'])

TASK [controller : Add akka environment to controller environment] *************
Tuesday 24 December 2019  17:48:34 +0000 (0:00:01.265)       0:05:19.136 ****** 
ok: [controller0]

TASK [controller : lean controller setup] **************************************
Tuesday 24 December 2019  17:48:35 +0000 (0:00:00.982)       0:05:20.119 ****** 
skipping: [controller0]

TASK [controller : (re)start controller] ***************************************
Tuesday 24 December 2019  17:48:35 +0000 (0:00:00.262)       0:05:20.381 ****** 
changed: [controller0]

TASK [controller : wait until the Controller in this host is up and running] ***
Tuesday 24 December 2019  17:48:41 +0000 (0:00:06.499)       0:05:26.881 ****** 
FAILED - RETRYING: wait until the Controller in this host is up and running (12 retries left).
FAILED - RETRYING: wait until the Controller in this host is up and running (11 retries left).
FAILED - RETRYING: wait until the Controller in this host is up and running (10 retries left).
ok: [controller0]

TASK [controller : get controller name] ****************************************
Tuesday 24 December 2019  17:49:00 +0000 (0:00:18.736)       0:05:45.618 ****** 
skipping: [controller0]

TASK [controller : remove controller] ******************************************
Tuesday 24 December 2019  17:49:00 +0000 (0:00:00.174)       0:05:45.792 ****** 
skipping: [controller0]

TASK [controller : remove controller log directory] ****************************
Tuesday 24 December 2019  17:49:00 +0000 (0:00:00.112)       0:05:45.905 ****** 
skipping: [controller0]

TASK [controller : remove controller conf directory] ***************************
Tuesday 24 December 2019  17:49:01 +0000 (0:00:00.118)       0:05:46.023 ****** 
skipping: [controller0]

PLAY [invokers] ****************************************************************

TASK [Gathering Facts] *********************************************************
Tuesday 24 December 2019  17:49:01 +0000 (0:00:00.531)       0:05:46.555 ****** 
ok: [invoker0]

TASK [invoker : docker login] **************************************************
Tuesday 24 December 2019  17:50:20 +0000 (0:01:18.652)       0:07:05.208 ****** 
skipping: [invoker0]

TASK [invoker : get invoker name and index] ************************************
Tuesday 24 December 2019  17:50:20 +0000 (0:00:00.164)       0:07:05.372 ****** 
ok: [invoker0]

TASK [invoker : pull invoker image with tag latest] ****************************
Tuesday 24 December 2019  17:50:20 +0000 (0:00:00.251)       0:07:05.624 ****** 
skipping: [invoker0]

TASK [invoker : pull runtime action images per manifest] ***********************
Tuesday 24 December 2019  17:50:20 +0000 (0:00:00.124)       0:07:05.749 ****** 
changed: [invoker0] => (item={u'prefix': u'openwhisk', u'tag': u'nightly', u'name': u'action-ballerina-v0.990.2'})
changed: [invoker0] => (item={u'prefix': u'openwhisk', u'tag': u'nightly', u'name': u'action-swift-v4.2'})
changed: [invoker0] => (item={u'prefix': u'openwhisk', u'tag': u'nightly', u'name': u'java8action'})
changed: [invoker0] => (item={u'prefix': u'openwhisk', u'tag': u'nightly', u'name': u'action-golang-v1.11'})
changed: [invoker0] => (item={u'prefix': u'openwhisk', u'tag': u'nightly', u'name': u'action-nodejs-v8'})
changed: [invoker0] => (item={u'prefix': u'openwhisk', u'tag': u'nightly', u'name': u'action-nodejs-v10'})
changed: [invoker0] => (item={u'prefix': u'openwhisk', u'tag': u'nightly', u'name': u'action-nodejs-v12'})
changed: [invoker0] => (item={u'prefix': u'openwhisk', u'tag': u'1.13.0-incubating', u'name': u'python2action'})
changed: [invoker0] => (item={u'prefix': u'openwhisk', u'tag': u'nightly', u'name': u'python3action'})
changed: [invoker0] => (item={u'prefix': u'openwhisk', u'tag': u'nightly', u'name': u'action-dotnet-v2.2'})
changed: [invoker0] => (item={u'prefix': u'openwhisk', u'tag': u'nightly', u'name': u'action-php-v7.3'})
changed: [invoker0] => (item={u'prefix': u'openwhisk', u'tag': u'nightly', u'name': u'action-php-v7.4'})
changed: [invoker0] => (item={u'prefix': u'openwhisk', u'tag': u'nightly', u'name': u'action-ruby-v2.5'})

TASK [invoker : pull blackboxes action images per manifest] ********************
Tuesday 24 December 2019  17:50:51 +0000 (0:00:30.764)       0:07:36.513 ****** 
changed: [invoker0] => (item={u'prefix': u'openwhisk', u'tag': u'nightly', u'name': u'dockerskeleton'})

TASK [invoker : determine docker root dir on docker-machine] *******************
Tuesday 24 December 2019  17:50:54 +0000 (0:00:02.692)       0:07:39.206 ****** 
skipping: [invoker0]

TASK [invoker : set_fact] ******************************************************
Tuesday 24 December 2019  17:50:54 +0000 (0:00:00.261)       0:07:39.467 ****** 
skipping: [invoker0]

TASK [invoker : determine docker root dir] *************************************
Tuesday 24 December 2019  17:50:54 +0000 (0:00:00.330)       0:07:39.798 ****** 
changed: [invoker0]

TASK [invoker : set_fact] ******************************************************
Tuesday 24 December 2019  17:50:56 +0000 (0:00:01.530)       0:07:41.328 ****** 
ok: [invoker0]

TASK [invoker : ensure invoker log directory is created with permissions] ******
Tuesday 24 December 2019  17:50:56 +0000 (0:00:00.384)       0:07:41.713 ****** 
ok: [invoker0]

TASK [invoker : ensure invoker config directory is created with permissions] ***
Tuesday 24 December 2019  17:50:57 +0000 (0:00:00.729)       0:07:42.443 ****** 
ok: [invoker0]

TASK [invoker : copy kafka truststore/keystore] ********************************
Tuesday 24 December 2019  17:50:58 +0000 (0:00:01.257)       0:07:43.700 ****** 
skipping: [invoker0]

TASK [invoker : copy keystore, key and cert] ***********************************
Tuesday 24 December 2019  17:50:58 +0000 (0:00:00.123)       0:07:43.824 ****** 
ok: [invoker0] => (item=/home/ubuntu/openwhisk/ansible/../ansible/roles/invoker/files/invoker-openwhisk-keystore.p12)
ok: [invoker0] => (item=/home/ubuntu/openwhisk/ansible/../ansible/roles/invoker/files/invoker-openwhisk-server-key.pem)
ok: [invoker0] => (item=/home/ubuntu/openwhisk/ansible/../ansible/roles/invoker/files/invoker-openwhisk-server-cert.pem)

TASK [invoker : check, that required databases exist] **************************
Tuesday 24 December 2019  17:51:11 +0000 (0:00:12.297)       0:07:56.121 ****** 
included: /home/ubuntu/openwhisk/ansible/tasks/db/checkDb.yml for invoker0
included: /home/ubuntu/openwhisk/ansible/tasks/db/checkDb.yml for invoker0

TASK [invoker : check if whisk_local_whisks with CouchDB exists] ***************
Tuesday 24 December 2019  17:51:11 +0000 (0:00:00.685)       0:07:56.807 ****** 
ok: [invoker0]

TASK [invoker : check if whisk_local_activations with CouchDB exists] **********
Tuesday 24 December 2019  17:51:12 +0000 (0:00:01.116)       0:07:57.923 ****** 
ok: [invoker0]

TASK [invoker : get running invoker information] *******************************
Tuesday 24 December 2019  17:51:14 +0000 (0:00:01.062)       0:07:58.986 ****** 
skipping: [invoker0]

TASK [invoker : set_fact] ******************************************************
Tuesday 24 December 2019  17:51:14 +0000 (0:00:00.249)       0:07:59.235 ****** 
skipping: [invoker0]

TASK [invoker : get invoker info] **********************************************
Tuesday 24 December 2019  17:51:14 +0000 (0:00:00.218)       0:07:59.454 ****** 
changed: [invoker0]

TASK [invoker : set_fact] ******************************************************
Tuesday 24 December 2019  17:51:16 +0000 (0:00:01.551)       0:08:01.005 ****** 
ok: [invoker0]

TASK [invoker : determine if more than one invoker is running] *****************
Tuesday 24 December 2019  17:51:16 +0000 (0:00:00.463)       0:08:01.469 ****** 
skipping: [invoker0]

TASK [invoker : determine if index of invoker is same with index of inventory host] ***
Tuesday 24 December 2019  17:51:17 +0000 (0:00:00.958)       0:08:02.428 ****** 
 [WARNING]: when statements should not include jinja2 templating delimiters
such as {{ }} or {% %}. Found: not invoker.allowMultipleInstances and
inv_item.Names[0] != "/{{ invoker_name }}"
skipping: [invoker0] => (item={u'Status': u'Up 34 minutes', u'Created': 1577207830, u'Image': u'whisk/invoker:latest', u'Labels': {}, u'NetworkSettings': {u'Networks': {u'bridge': {u'NetworkID': u'd399c647305ac2624dd537c29637c0f23024c988032326724accc29757e2e937', u'MacAddress': u'02:42:ac:11:00:1a', u'GlobalIPv6PrefixLen': 0, u'Links': None, u'GlobalIPv6Address': u'', u'IPv6Gateway': u'', u'DriverOpts': None, u'IPPrefixLen': 16, u'EndpointID': u'21dba945a4d2b2201be20c9cc416b9829b1b6912e9d90e25bf76dda00fa13783', u'Aliases': None, u'IPAddress': u'172.17.0.26', u'Gateway': u'172.17.0.1', u'IPAMConfig': None}}}, u'HostConfig': {u'NetworkMode': u'default'}, u'ImageID': u'sha256:820e24a5be483f6d376e0ecc2cf8481ff6449a6c0818367a772f31942f9cbaa7', u'State': u'running', u'Command': u"/bin/sh -c 'exec /init.sh --id 0 --uniqueName 0 >> /logs/invoker0_logs.log 2>&1'", u'Names': [u'/invoker0'], u'Mounts': [{u'RW': True, u'Propagation': u'rprivate', u'Destination': u'/usr/lib/x86_64-linux-gnu/libapparmor.so.1', u'Source': u'/usr/lib/x86_64-linux-gnu/libapparmor.so.1', u'Mode': u'rw', u'Type': u'bind'}, {u'RW': True, u'Propagation': u'rprivate', u'Destination': u'/var/run/docker.sock', u'Source': u'/var/run/docker.sock', u'Mode': u'rw', u'Type': u'bind'}, {u'RW': True, u'Propagation': u'rprivate', u'Destination': u'/conf', u'Source': u'/tmp/wskconf/invoker/invoker0', u'Mode': u'rw', u'Type': u'bind'}, {u'RW': True, u'Propagation': u'rslave', u'Destination': u'/containers', u'Source': u'/var/lib/docker/containers', u'Mode': u'rw', u'Type': u'bind'}, {u'RW': True, u'Propagation': u'rprivate', u'Destination': u'/logs', u'Source': u'/tmp/wsklogs/invoker0', u'Mode': u'rw', u'Type': u'bind'}, {u'RW': True, u'Propagation': u'rprivate', u'Destination': u'/run/runc', u'Source': u'/run/docker/runtime-runc/moby', u'Mode': u'rw', u'Type': u'bind'}, {u'RW': True, u'Propagation': u'rprivate', u'Destination': u'/sys/fs/cgroup', u'Source': u'/sys/fs/cgroup', u'Mode': u'rw', u'Type': u'bind'}], u'Id': u'93d2f4fc1504ab119f9fb389eb775bc9ca39595dd63e83524b2a422fb0281092', u'Ports': [{u'IP': u'0.0.0.0', u'Type': u'tcp', u'PublicPort': 17000, u'PrivatePort': 17000}, {u'IP': u'0.0.0.0', u'Type': u'tcp', u'PublicPort': 18000, u'PrivatePort': 18000}, {u'IP': u'0.0.0.0', u'Type': u'tcp', u'PublicPort': 12001, u'PrivatePort': 8080}]}) 

TASK [invoker : copy jmxremote password file] **********************************
Tuesday 24 December 2019  17:51:18 +0000 (0:00:01.044)       0:08:03.473 ****** 
changed: [invoker0]

TASK [invoker : copy jmxremote access file] ************************************
Tuesday 24 December 2019  17:51:19 +0000 (0:00:01.206)       0:08:04.679 ****** 
changed: [invoker0]

TASK [invoker : add additional jvm params if jmxremote is enabled] *************
Tuesday 24 December 2019  17:51:20 +0000 (0:00:01.105)       0:08:05.785 ****** 
ok: [invoker0]

TASK [invoker : prepare invoker ports] *****************************************
Tuesday 24 December 2019  17:51:21 +0000 (0:00:00.862)       0:08:06.647 ****** 
ok: [invoker0]

TASK [invoker : expose additional ports if jmxremote is enabled] ***************
Tuesday 24 December 2019  17:51:22 +0000 (0:00:00.879)       0:08:07.526 ****** 
ok: [invoker0]

TASK [invoker : Load config from template] *************************************
Tuesday 24 December 2019  17:51:22 +0000 (0:00:00.392)       0:08:07.919 ****** 
ok: [invoker0]

TASK [invoker : populate environment variables for invoker] ********************
Tuesday 24 December 2019  17:51:23 +0000 (0:00:00.316)       0:08:08.235 ****** 
ok: [invoker0]

TASK [invoker : extend invoker dns env] ****************************************
Tuesday 24 December 2019  17:51:24 +0000 (0:00:01.523)       0:08:09.759 ****** 
ok: [invoker0] => (item=[0, u''])

TASK [invoker : merge extra env variables] *************************************
Tuesday 24 December 2019  17:51:25 +0000 (0:00:00.217)       0:08:09.976 ****** 
ok: [invoker0]

TASK [invoker : include plugins] ***********************************************
Tuesday 24 December 2019  17:51:25 +0000 (0:00:00.536)       0:08:10.513 ****** 

TASK [invoker : set invoker volumes] *******************************************
Tuesday 24 December 2019  17:51:25 +0000 (0:00:00.110)       0:08:10.624 ****** 
ok: [invoker0]

TASK [invoker : set invoker runc volume] ***************************************
Tuesday 24 December 2019  17:51:26 +0000 (0:00:00.596)       0:08:11.221 ****** 
ok: [invoker0]

TASK [invoker : define options when deploying invoker on Ubuntu] ***************
Tuesday 24 December 2019  17:51:27 +0000 (0:00:00.989)       0:08:12.210 ****** 
ok: [invoker0]

TASK [invoker : check if coverage collection is enabled] ***********************
Tuesday 24 December 2019  17:51:27 +0000 (0:00:00.323)       0:08:12.533 ****** 
skipping: [invoker0]

TASK [invoker : ensure invoker coverage directory is created with permissions] ***
Tuesday 24 December 2019  17:51:27 +0000 (0:00:00.227)       0:08:12.761 ****** 
skipping: [invoker0] => (item=invoker) 
skipping: [invoker0] => (item=common) 

TASK [invoker : extend invoker volume for coverage] ****************************
Tuesday 24 December 2019  17:51:28 +0000 (0:00:00.359)       0:08:13.121 ****** 
skipping: [invoker0]

TASK [invoker : start invoker] *************************************************
Tuesday 24 December 2019  17:51:28 +0000 (0:00:00.289)       0:08:13.410 ****** 
changed: [invoker0]

TASK [invoker : wait until Invoker is up and running] **************************
Tuesday 24 December 2019  17:51:35 +0000 (0:00:06.847)       0:08:20.258 ****** 
FAILED - RETRYING: wait until Invoker is up and running (12 retries left).
FAILED - RETRYING: wait until Invoker is up and running (11 retries left).
ok: [invoker0]

TASK [invoker : get invoker name and index] ************************************
Tuesday 24 December 2019  17:51:49 +0000 (0:00:14.132)       0:08:34.391 ****** 
skipping: [invoker0]

TASK [invoker : remove invoker] ************************************************
Tuesday 24 December 2019  17:51:49 +0000 (0:00:00.208)       0:08:34.599 ****** 
skipping: [invoker0]

TASK [invoker : pause/resume at runc-level to restore docker consistency] ******
Tuesday 24 December 2019  17:51:49 +0000 (0:00:00.229)       0:08:34.829 ****** 
skipping: [invoker0]

TASK [invoker : debug] *********************************************************
Tuesday 24 December 2019  17:51:50 +0000 (0:00:00.748)       0:08:35.577 ****** 
skipping: [invoker0]

TASK [invoker : unpause remaining actions] *************************************
Tuesday 24 December 2019  17:51:50 +0000 (0:00:00.161)       0:08:35.739 ****** 
skipping: [invoker0]

TASK [invoker : remove remaining actions] **************************************
Tuesday 24 December 2019  17:51:50 +0000 (0:00:00.156)       0:08:35.895 ****** 
skipping: [invoker0]

TASK [invoker : remove invoker log directory] **********************************
Tuesday 24 December 2019  17:51:51 +0000 (0:00:00.208)       0:08:36.104 ****** 
skipping: [invoker0]

TASK [invoker : remove invoker conf directory] *********************************
Tuesday 24 December 2019  17:51:51 +0000 (0:00:00.353)       0:08:36.457 ****** 
skipping: [invoker0]

TASK [invoker : Clean orphaned ifstate.veth* files on Ubuntu 14.04] ************
Tuesday 24 December 2019  17:51:52 +0000 (0:00:00.957)       0:08:37.415 ****** 
skipping: [invoker0]

PLAY [edge] ********************************************************************

TASK [Gathering Facts] *********************************************************
Tuesday 24 December 2019  17:51:52 +0000 (0:00:00.080)       0:08:37.496 ****** 
ok: [172.17.0.1]

TASK [nginx : ensure nginx config directory exists] ****************************
Tuesday 24 December 2019  17:53:21 +0000 (0:01:29.073)       0:10:06.570 ****** 
ok: [172.17.0.1]

TASK [nginx : copy template from local to remote in nginx config directory] ****
Tuesday 24 December 2019  17:53:22 +0000 (0:00:00.876)       0:10:07.446 ****** 
ok: [172.17.0.1]

TASK [nginx : copy cert files from local to remote in nginx config directory] ***
Tuesday 24 December 2019  17:53:25 +0000 (0:00:03.106)       0:10:10.552 ****** 
ok: [172.17.0.1] => (item=openwhisk-server-cert.pem)
ok: [172.17.0.1] => (item=openwhisk-server-key.pem)
ok: [172.17.0.1] => (item=openwhisk-client-ca-cert.pem)

TASK [nginx : copy password files for cert from local to remote in nginx config directory] ***
Tuesday 24 December 2019  17:53:35 +0000 (0:00:10.218)       0:10:20.771 ****** 
skipping: [172.17.0.1]

TASK [nginx : copy controller cert for authentication] *************************
Tuesday 24 December 2019  17:53:36 +0000 (0:00:00.220)       0:10:20.992 ****** 
ok: [172.17.0.1] => (item=controller-openwhisk-server-cert.pem)
ok: [172.17.0.1] => (item=controller-openwhisk-server-key.pem)

TASK [nginx : ensure nginx log directory is created with permissions] **********
Tuesday 24 December 2019  17:53:45 +0000 (0:00:09.088)       0:10:30.080 ****** 
ok: [172.17.0.1]

TASK [nginx : pull the nginx:1.15 image] ***************************************
Tuesday 24 December 2019  17:53:45 +0000 (0:00:00.722)       0:10:30.803 ****** 
changed: [172.17.0.1]

TASK [nginx : ensure html directory exists] ************************************
Tuesday 24 December 2019  17:53:48 +0000 (0:00:03.082)       0:10:33.885 ****** 
skipping: [172.17.0.1]

TASK [nginx : check if html directory exists] **********************************
Tuesday 24 December 2019  17:53:49 +0000 (0:00:00.294)       0:10:34.180 ****** 
skipping: [172.17.0.1]

TASK [nginx : configuration volumes to mount] **********************************
Tuesday 24 December 2019  17:53:49 +0000 (0:00:00.296)       0:10:34.477 ****** 
ok: [172.17.0.1]

TASK [nginx : optional html volume to mount] ***********************************
Tuesday 24 December 2019  17:53:49 +0000 (0:00:00.450)       0:10:34.927 ****** 
skipping: [172.17.0.1]

TASK [nginx : (re)start nginx] *************************************************
Tuesday 24 December 2019  17:53:50 +0000 (0:00:00.253)       0:10:35.181 ****** 
changed: [172.17.0.1]

TASK [nginx : remove nginx] ****************************************************
Tuesday 24 December 2019  17:53:55 +0000 (0:00:05.117)       0:10:40.299 ****** 
skipping: [172.17.0.1]

TASK [nginx : remove nginx config directory] ***********************************
Tuesday 24 December 2019  17:53:55 +0000 (0:00:00.157)       0:10:40.456 ****** 
skipping: [172.17.0.1]

TASK [nginx : remove nginx log directory] **************************************
Tuesday 24 December 2019  17:53:55 +0000 (0:00:00.262)       0:10:40.718 ****** 
skipping: [172.17.0.1]

TASK [cli : Ensure nginx directory for cli exists] *****************************
Tuesday 24 December 2019  17:53:55 +0000 (0:00:00.245)       0:10:40.964 ****** 
ok: [172.17.0.1]

TASK [cli : Ensure temporary directory exists] *********************************
Tuesday 24 December 2019  17:53:56 +0000 (0:00:00.805)       0:10:41.770 ****** 
changed: [172.17.0.1]

TASK [cli : Download release archive to build directory ...] *******************
Tuesday 24 December 2019  17:53:57 +0000 (0:00:00.894)       0:10:42.665 ****** 
changed: [172.17.0.1]

TASK [cli : ... or Copy release archive to build directory] ********************
Tuesday 24 December 2019  17:54:02 +0000 (0:00:04.324)       0:10:46.989 ****** 
skipping: [172.17.0.1]

TASK [cli : Expand the archive into the build directory] ***********************
Tuesday 24 December 2019  17:54:02 +0000 (0:00:00.194)       0:10:47.184 ****** 
ok: [172.17.0.1]

TASK [cli : Delete temp directory] *********************************************
Tuesday 24 December 2019  17:54:09 +0000 (0:00:07.196)       0:10:54.380 ****** 
changed: [172.17.0.1]

TASK [cli : Generate a list of individual tarballs to expand] ******************
Tuesday 24 December 2019  17:54:10 +0000 (0:00:00.776)       0:10:55.157 ****** 
ok: [172.17.0.1]

TASK [cli : Unarchive the individual tarballs] *********************************
Tuesday 24 December 2019  17:54:11 +0000 (0:00:01.069)       0:10:56.227 ****** 
ok: [172.17.0.1] => (item={u'uid': 1000, u'woth': False, u'mtime': 1574393294.0, u'inode': 304692, u'isgid': False, u'size': 3942672, u'roth': True, u'isuid': False, u'isreg': True, u'pw_name': u'ubuntu', u'gid': 1000, u'ischr': False, u'wusr': True, u'xoth': False, u'rusr': True, u'nlink': 1, u'issock': False, u'rgrp': True, u'gr_name': u'ubuntu', u'path': u'/tmp/wskconf/nginx/cli/go/download/linux/amd64/OpenWhisk_CLI-linux.tgz', u'xusr': False, u'atime': 1577206209.3818703, u'isdir': False, u'ctime': 1577206203.6455822, u'wgrp': True, u'xgrp': False, u'dev': 2049, u'isblk': False, u'isfifo': False, u'mode': u'0664', u'islnk': False})
ok: [172.17.0.1] => (item={u'uid': 1000, u'woth': False, u'mtime': 1574393293.0, u'inode': 304671, u'isgid': False, u'size': 3656330, u'roth': True, u'isuid': False, u'isreg': True, u'pw_name': u'ubuntu', u'gid': 1000, u'ischr': False, u'wusr': True, u'xoth': False, u'rusr': True, u'nlink': 1, u'issock': False, u'rgrp': True, u'gr_name': u'ubuntu', u'path': u'/tmp/wskconf/nginx/cli/go/download/linux/386/OpenWhisk_CLI-linux-32bit.tgz', u'xusr': False, u'atime': 1577206214.0461044, u'isdir': False, u'ctime': 1577206203.60158, u'wgrp': True, u'xgrp': False, u'dev': 2049, u'isblk': False, u'isfifo': False, u'mode': u'0664', u'islnk': False})
ok: [172.17.0.1] => (item={u'uid': 1000, u'woth': False, u'mtime': 1574393297.0, u'inode': 304694, u'isgid': False, u'size': 3863050, u'roth': True, u'isuid': False, u'isreg': True, u'pw_name': u'ubuntu', u'gid': 1000, u'ischr': False, u'wusr': True, u'xoth': False, u'rusr': True, u'nlink': 1, u'issock': False, u'rgrp': True, u'gr_name': u'ubuntu', u'path': u'/tmp/wskconf/nginx/cli/go/download/linux/s390x/OpenWhisk_CLI-linux-s390x.tgz', u'xusr': False, u'atime': 1577206220.1184094, u'isdir': False, u'ctime': 1577206203.6935847, u'wgrp': True, u'xgrp': False, u'dev': 2049, u'isblk': False, u'isfifo': False, u'mode': u'0664', u'islnk': False})
ok: [172.17.0.1] => (item={u'uid': 1000, u'woth': False, u'mtime': 1574393295.0, u'inode': 304697, u'isgid': False, u'size': 3547313, u'roth': True, u'isuid': False, u'isreg': True, u'pw_name': u'ubuntu', u'gid': 1000, u'ischr': False, u'wusr': True, u'xoth': False, u'rusr': True, u'nlink': 1, u'issock': False, u'rgrp': True, u'gr_name': u'ubuntu', u'path': u'/tmp/wskconf/nginx/cli/go/download/linux/arm64/OpenWhisk_CLI-linux-arm64.tgz', u'xusr': False, u'atime': 1577206226.6067352, u'isdir': False, u'ctime': 1577206203.8655932, u'wgrp': True, u'xgrp': False, u'dev': 2049, u'isblk': False, u'isfifo': False, u'mode': u'0664', u'islnk': False})
ok: [172.17.0.1] => (item={u'uid': 1000, u'woth': False, u'mtime': 1574393296.0, u'inode': 304695, u'isgid': False, u'size': 3522074, u'roth': True, u'isuid': False, u'isreg': True, u'pw_name': u'ubuntu', u'gid': 1000, u'ischr': False, u'wusr': True, u'xoth': False, u'rusr': True, u'nlink': 1, u'issock': False, u'rgrp': True, u'gr_name': u'ubuntu', u'path': u'/tmp/wskconf/nginx/cli/go/download/linux/ppc64le/OpenWhisk_CLI-linux-ppc64le.tgz', u'xusr': False, u'atime': 1577206231.4749796, u'isdir': False, u'ctime': 1577206203.7695885, u'wgrp': True, u'xgrp': False, u'dev': 2049, u'isblk': False, u'isfifo': False, u'mode': u'0664', u'islnk': False})
ok: [172.17.0.1] => (item={u'uid': 1000, u'woth': False, u'mtime': 1574393294.0, u'inode': 304696, u'isgid': False, u'size': 3600715, u'roth': True, u'isuid': False, u'isreg': True, u'pw_name': u'ubuntu', u'gid': 1000, u'ischr': False, u'wusr': True, u'xoth': False, u'rusr': True, u'nlink': 1, u'issock': False, u'rgrp': True, u'gr_name': u'ubuntu', u'path': u'/tmp/wskconf/nginx/cli/go/download/linux/arm/OpenWhisk_CLI-linux-arm.tgz', u'xusr': False, u'atime': 1577206236.2272182, u'isdir': False, u'ctime': 1577206203.8175907, u'wgrp': True, u'xgrp': False, u'dev': 2049, u'isblk': False, u'isfifo': False, u'mode': u'0664', u'islnk': False})

TASK [cli : Generate a list of individual zipfiles to expand] ******************
Tuesday 24 December 2019  17:54:41 +0000 (0:00:30.015)       0:11:26.242 ****** 
ok: [172.17.0.1]

TASK [cli : Unarchive the individual zipfiles into binaries] *******************
Tuesday 24 December 2019  17:54:41 +0000 (0:00:00.661)       0:11:26.904 ****** 
ok: [172.17.0.1] => (item={u'uid': 1000, u'woth': False, u'mtime': 1574393298.0, u'inode': 304701, u'isgid': False, u'size': 3851543, u'roth': True, u'isuid': False, u'isreg': True, u'pw_name': u'ubuntu', u'gid': 1000, u'ischr': False, u'wusr': True, u'xoth': False, u'rusr': True, u'nlink': 1, u'issock': False, u'rgrp': True, u'gr_name': u'ubuntu', u'path': u'/tmp/wskconf/nginx/cli/go/download/windows/amd64/OpenWhisk_CLI-windows.zip', u'xusr': False, u'atime': 1577206242.6995432, u'isdir': False, u'ctime': 1577206204.021601, u'wgrp': True, u'xgrp': False, u'dev': 2049, u'isblk': False, u'isfifo': False, u'mode': u'0664', u'islnk': False})
ok: [172.17.0.1] => (item={u'uid': 1000, u'woth': False, u'mtime': 1574393297.0, u'inode': 304700, u'isgid': False, u'size': 3593627, u'roth': True, u'isuid': False, u'isreg': True, u'pw_name': u'ubuntu', u'gid': 1000, u'ischr': False, u'wusr': True, u'xoth': False, u'rusr': True, u'nlink': 1, u'issock': False, u'rgrp': True, u'gr_name': u'ubuntu', u'path': u'/tmp/wskconf/nginx/cli/go/download/windows/386/OpenWhisk_CLI-windows-32bit.zip', u'xusr': False, u'atime': 1577206247.6837935, u'isdir': False, u'ctime': 1577206203.977599, u'wgrp': True, u'xgrp': False, u'dev': 2049, u'isblk': False, u'isfifo': False, u'mode': u'0664', u'islnk': False})
ok: [172.17.0.1] => (item={u'uid': 1000, u'woth': False, u'mtime': 1574393292.0, u'inode': 304699, u'isgid': False, u'size': 3892208, u'roth': True, u'isuid': False, u'isreg': True, u'pw_name': u'ubuntu', u'gid': 1000, u'ischr': False, u'wusr': True, u'xoth': False, u'rusr': True, u'nlink': 1, u'issock': False, u'rgrp': True, u'gr_name': u'ubuntu', u'path': u'/tmp/wskconf/nginx/cli/go/download/mac/amd64/OpenWhisk_CLI-mac.zip', u'xusr': False, u'atime': 1577206252.0880146, u'isdir': False, u'ctime': 1577206203.941597, u'wgrp': True, u'xgrp': False, u'dev': 2049, u'isblk': False, u'isfifo': False, u'mode': u'0664', u'islnk': False})
ok: [172.17.0.1] => (item={u'uid': 1000, u'woth': False, u'mtime': 1574393292.0, u'inode': 304698, u'isgid': False, u'size': 3642096, u'roth': True, u'isuid': False, u'isreg': True, u'pw_name': u'ubuntu', u'gid': 1000, u'ischr': False, u'wusr': True, u'xoth': False, u'rusr': True, u'nlink': 1, u'issock': False, u'rgrp': True, u'gr_name': u'ubuntu', u'path': u'/tmp/wskconf/nginx/cli/go/download/mac/386/OpenWhisk_CLI-mac-32bit.zip', u'xusr': False, u'atime': 1577206255.6881955, u'isdir': False, u'ctime': 1577206203.901595, u'wgrp': True, u'xgrp': False, u'dev': 2049, u'isblk': False, u'isfifo': False, u'mode': u'0664', u'islnk': False})

TASK [cli : remove cli nginx directory] ****************************************
Tuesday 24 December 2019  17:54:56 +0000 (0:00:14.807)       0:11:41.712 ****** 
skipping: [172.17.0.1]

PLAY [ansible] *****************************************************************

TASK [Gathering Facts] *********************************************************
Tuesday 24 December 2019  17:54:56 +0000 (0:00:00.136)       0:11:41.848 ****** 
ok: [ansible]

TASK [cli-install : grab the local CLI from the binaries unarchived into nginx] ***
Tuesday 24 December 2019  17:56:37 +0000 (0:01:40.670)       0:13:22.519 ****** 
ok: [ansible]

TASK [cli-install : remove wsk binary] *****************************************
Tuesday 24 December 2019  17:56:38 +0000 (0:00:01.340)       0:13:23.860 ****** 
skipping: [ansible]

PLAY RECAP *********************************************************************
172.17.0.1                 : ok=18   changed=5    unreachable=0    failed=0   
ansible                    : ok=2    changed=0    unreachable=0    failed=0   
controller0                : ok=26   changed=3    unreachable=0    failed=0   
invoker0                   : ok=29   changed=7    unreachable=0    failed=0   
kafka0                     : ok=10   changed=4    unreachable=0    failed=0   

Tuesday 24 December 2019  17:56:38 +0000 (0:00:00.070)       0:13:23.931 ****** 
=============================================================================== 
Gathering Facts ------------------------------------------------------- 100.67s
Gathering Facts -------------------------------------------------------- 89.07s
Gathering Facts -------------------------------------------------------- 85.88s
Gathering Facts -------------------------------------------------------- 83.98s
Gathering Facts -------------------------------------------------------- 79.64s
Gathering Facts -------------------------------------------------------- 78.65s
invoker : pull runtime action images per manifest ---------------------- 30.76s
cli : Unarchive the individual tarballs -------------------------------- 30.02s
controller : wait until the Controller in this host is up and running -- 18.74s
kafka : (re)start kafka using 'wurstmeister/kafka:0.11.0.1'  ----------- 16.41s
cli : Unarchive the individual zipfiles into binaries ------------------ 14.81s
invoker : wait until Invoker is up and running ------------------------- 14.13s
invoker : copy keystore, key and cert ---------------------------------- 12.30s
kafka : wait until the kafka server started up ------------------------- 10.39s
nginx : copy cert files from local to remote in nginx config directory -- 10.22s
nginx : copy controller cert for authentication ------------------------- 9.09s
controller : copy certificates ------------------------------------------ 8.08s
zookeeper : (re)start zookeeper ----------------------------------------- 7.57s
cli : Expand the archive into the build directory ----------------------- 7.20s
invoker : start invoker ------------------------------------------------- 6.85s

PLAY [zookeepers] **************************************************************

TASK [Gathering Facts] *********************************************************
Saturday 28 December 2019  16:45:34 +0000 (0:00:00.412)       0:00:00.412 ***** 
 [ERROR]: User interrupted execution
